Build started 4/4/2014 12:29:41 PM.
     1>Project "C:\Users\YuJia\Desktop\NewProject\VeriTask\UnitTest2\UnitTest2.vcxproj" on node 2 (Rebuild target(s)).
     1>ClCompile:
         C:\Program Files (x86)\Microsoft Visual Studio 11.0\VC\bin\CL.exe /c /I"C:\Users\GAO JIACHENG\Desktop\New folder (4)\VeriTask\VeriTask" /I"C:\Program Files (x86)\Microsoft Visual Studio 11.0\VC\UnitTest\include" /IC:\Users\YuJia\Desktop\NewProject\VeriTask\VeriTask /ZI /nologo /W3 /WX- /Od /Oy- /D WIN32 /D _DEBUG /D _WINDLL /D _UNICODE /D UNICODE /Gm /EHsc /RTC1 /MDd /GS /fp:precise /Zc:wchar_t /Zc:forScope /Yc"stdafx.h" /Fp"Debug\UnitTest2.pch" /Fo"Debug\\" /Fd"Debug\vc110.pdb" /Gd /TP /analyze- /FC /errorReport:prompt stdafx.cpp
         stdafx.cpp
         C:\Program Files (x86)\Microsoft Visual Studio 11.0\VC\bin\CL.exe /c /I"C:\Users\GAO JIACHENG\Desktop\New folder (4)\VeriTask\VeriTask" /I"C:\Program Files (x86)\Microsoft Visual Studio 11.0\VC\UnitTest\include" /IC:\Users\YuJia\Desktop\NewProject\VeriTask\VeriTask /ZI /nologo /W3 /WX- /Od /Oy- /D WIN32 /D _DEBUG /D _WINDLL /D _UNICODE /D UNICODE /Gm /EHsc /RTC1 /MDd /GS /fp:precise /Zc:wchar_t /Zc:forScope /Yu"stdafx.h" /Fp"Debug\UnitTest2.pch" /Fo"Debug\\" /Fd"Debug\vc110.pdb" /Gd /TP /analyze- /FC /errorReport:prompt unittest1.cpp
         unittest1.cpp
     1>c:\users\yujia\desktop\newproject\veritask\unittest2\unittest1.cpp(63): error C2665: 'Microsoft::VisualStudio::CppUnitTestFramework::Assert::AreEqual' : none of the 8 overloads could convert all the argument types
                 c:\program files (x86)\microsoft visual studio 11.0\vc\unittest\include\cppunittestassert.h(160): could be 'void Microsoft::VisualStudio::CppUnitTestFramework::Assert::AreEqual(const char *,const char *,bool,const wchar_t *,const Microsoft::VisualStudio::CppUnitTestFramework::__LineInfo *)'
                 c:\program files (x86)\microsoft visual studio 11.0\vc\unittest\include\cppunittestassert.h(179): or       'void Microsoft::VisualStudio::CppUnitTestFramework::Assert::AreEqual(const wchar_t *,const wchar_t *,bool,const wchar_t *,const Microsoft::VisualStudio::CppUnitTestFramework::__LineInfo *)'
                 while trying to match the argument list '(unsigned __int64, double)'
     1>c:\users\yujia\desktop\newproject\veritask\unittest2\unittest1.cpp(121): error C2665: 'Microsoft::VisualStudio::CppUnitTestFramework::Assert::AreEqual' : none of the 8 overloads could convert all the argument types
                 c:\program files (x86)\microsoft visual studio 11.0\vc\unittest\include\cppunittestassert.h(160): could be 'void Microsoft::VisualStudio::CppUnitTestFramework::Assert::AreEqual(const char *,const char *,bool,const wchar_t *,const Microsoft::VisualStudio::CppUnitTestFramework::__LineInfo *)'
                 c:\program files (x86)\microsoft visual studio 11.0\vc\unittest\include\cppunittestassert.h(179): or       'void Microsoft::VisualStudio::CppUnitTestFramework::Assert::AreEqual(const wchar_t *,const wchar_t *,bool,const wchar_t *,const Microsoft::VisualStudio::CppUnitTestFramework::__LineInfo *)'
                 while trying to match the argument list '(unsigned __int64, double)'
     1>c:\users\yujia\desktop\newproject\veritask\unittest2\unittest1.cpp(171): error C2665: 'Microsoft::VisualStudio::CppUnitTestFramework::Assert::AreEqual' : none of the 8 overloads could convert all the argument types
                 c:\program files (x86)\microsoft visual studio 11.0\vc\unittest\include\cppunittestassert.h(160): could be 'void Microsoft::VisualStudio::CppUnitTestFramework::Assert::AreEqual(const char *,const char *,bool,const wchar_t *,const Microsoft::VisualStudio::CppUnitTestFramework::__LineInfo *)'
                 c:\program files (x86)\microsoft visual studio 11.0\vc\unittest\include\cppunittestassert.h(179): or       'void Microsoft::VisualStudio::CppUnitTestFramework::Assert::AreEqual(const wchar_t *,const wchar_t *,bool,const wchar_t *,const Microsoft::VisualStudio::CppUnitTestFramework::__LineInfo *)'
                 while trying to match the argument list '(unsigned __int64, double)'
     1>Done Building Project "C:\Users\YuJia\Desktop\NewProject\VeriTask\UnitTest2\UnitTest2.vcxproj" (Rebuild target(s)) -- FAILED.

Build FAILED.

Time Elapsed 00:00:01.20
