Build started 2014/3/16 10:15:02.
     1>Project "C:\Users\Pang\Desktop\CS2103\VeriTask\VeriTask\VeriTask.vcxproj" on node 2 (Build target(s)).
     1>ClCompile:
         G:\Visual Studio\VC\bin\CL.exe /c /ZI /nologo /W3 /WX- /sdl /Od /Oy- /D _MBCS /Gm /EHsc /RTC1 /MDd /GS /fp:precise /Zc:wchar_t /Zc:forScope /Fo"Debug\\" /Fd"Debug\vc110.pdb" /Gd /TP /analyze- /errorReport:prompt Identifier.cpp Main.cpp VeriTask.cpp Task.cpp
         Task.cpp
         VeriTask.cpp
         Main.cpp
         Identifier.cpp
     1>c:\users\pang\desktop\cs2103\veritask\veritask\identifier.cpp(215): fatal error C1075: end of file found before the left brace '{' at 'c:\users\pang\desktop\cs2103\veritask\veritask\identifier.cpp(202)' was matched
         Generating Code...
     1>Done Building Project "C:\Users\Pang\Desktop\CS2103\VeriTask\VeriTask\VeriTask.vcxproj" (Build target(s)) -- FAILED.

Build FAILED.

Time Elapsed 00:00:02.41
